Using pre-set license
Built from '2021.3/release' branch; Version is '2021.3.38f1 (7a2fa5d8d101) revision 8007589'; Using compiler version '192829333'; Build Type 'Release'
OS: 'Windows 11  (10.0.26100) 64bit Core' Language: 'en' Physical Memory: 16003 MB
BatchMode: 1, IsHumanControllingUs: 0, StartBugReporterOnCrash: 0, Is64bit: 1, IsPro: 1

COMMAND LINE ARGUMENTS:
C:\Program Files\Unity\Hub\Editor\2021.3.38f1\Editor\Unity.exe
-adb2
-batchMode
-noUpm
-name
AssetImportWorker0
-projectPath
C:/Users/milan/workspace/Milan_workspace/unity/MasterBaiter
-logFile
Logs/AssetImportWorker0.log
-srvPort
55393
Successfully changed project path to: C:/Users/milan/workspace/Milan_workspace/unity/MasterBaiter
C:/Users/milan/workspace/Milan_workspace/unity/MasterBaiter
[UnityMemory] Configuration Parameters - Can be set up in boot.config
    "memorysetup-bucket-allocator-granularity=16"
    "memorysetup-bucket-allocator-bucket-count=8"
    "memorysetup-bucket-allocator-block-size=33554432"
    "memorysetup-bucket-allocator-block-count=8"
    "memorysetup-main-allocator-block-size=16777216"
    "memorysetup-thread-allocator-block-size=16777216"
    "memorysetup-gfx-main-allocator-block-size=16777216"
    "memorysetup-gfx-thread-allocator-block-size=16777216"
    "memorysetup-cache-allocator-block-size=4194304"
    "memorysetup-typetree-allocator-block-size=2097152"
    "memorysetup-profiler-bucket-allocator-granularity=16"
    "memorysetup-profiler-bucket-allocator-bucket-count=8"
    "memorysetup-profiler-bucket-allocator-block-size=33554432"
    "memorysetup-profiler-bucket-allocator-block-count=8"
    "memorysetup-profiler-allocator-block-size=16777216"
    "memorysetup-profiler-editor-allocator-block-size=1048576"
    "memorysetup-temp-allocator-size-main=16777216"
    "memorysetup-job-temp-allocator-block-size=2097152"
    "memorysetup-job-temp-allocator-block-size-background=1048576"
    "memorysetup-job-temp-allocator-reduction-small-platforms=262144"
    "memorysetup-temp-allocator-size-background-worker=32768"
    "memorysetup-temp-allocator-size-job-worker=262144"
    "memorysetup-temp-allocator-size-preload-manager=33554432"
    "memorysetup-temp-allocator-size-nav-mesh-worker=65536"
    "memorysetup-temp-allocator-size-audio-worker=65536"
    "memorysetup-temp-allocator-size-cloud-worker=32768"
    "memorysetup-temp-allocator-size-gi-baking-worker=262144"
    "memorysetup-temp-allocator-size-gfx=262144"
Player connection [27976] Host "[IP] 192.168.68.74 [Port] 0 [Flags] 2 [Guid] 2645084814 [EditorId] 2645084814 [Version] 1048832 [Id] WindowsEditor(7,Milan-laptop) [Debug] 1 [PackageName] WindowsEditor [ProjectName] Editor" joined multi-casting on [225.0.0.222:54997]...

Player connection [27976] Host "[IP] 192.168.68.74 [Port] 0 [Flags] 2 [Guid] 2645084814 [EditorId] 2645084814 [Version] 1048832 [Id] WindowsEditor(7,Milan-laptop) [Debug] 1 [PackageName] WindowsEditor [ProjectName] Editor" joined alternative multi-casting on [225.0.0.222:34997]...

[Physics::Module] Initialized MultithreadedJobDispatcher with {0} workers.
Refreshing native plugins compatible for Editor in 67.83 ms, found 4 plugins.
Preloading 0 native plugins for Editor in 0.00 ms.
Initialize engine version: 2021.3.38f1 (7a2fa5d8d101)
[Subsystems] Discovering subsystems at path C:/Program Files/Unity/Hub/Editor/2021.3.38f1/Editor/Data/Resources/UnitySubsystems
[Subsystems] Discovering subsystems at path C:/Users/milan/workspace/Milan_workspace/unity/MasterBaiter/Assets
GfxDevice: creating device client; threaded=0; jobified=0
Direct3D:
    Version:  Direct3D 11.0 [level 11.1]
    Renderer: NVIDIA GeForce RTX 4060 Laptop GPU (ID=0x28e0)
    Vendor:   NVIDIA
    VRAM:     7957 MB
    Driver:   32.0.15.7270
Initialize mono
Mono path[0] = 'C:/Program Files/Unity/Hub/Editor/2021.3.38f1/Editor/Data/Managed'
Mono path[1] = 'C:/Program Files/Unity/Hub/Editor/2021.3.38f1/Editor/Data/MonoBleedingEdge/lib/mono/unityjit-win32'
Mono config path = 'C:/Program Files/Unity/Hub/Editor/2021.3.38f1/Editor/Data/MonoBleedingEdge/etc'
Using monoOptions --debugger-agent=transport=dt_socket,embedding=1,server=y,suspend=n,address=127.0.0.1:56632
Begin MonoManager ReloadAssembly
Registering precompiled unity dll's ...
Register platform support module: C:/Program Files/Unity/Hub/Editor/2021.3.38f1/Editor/Data/PlaybackEngines/WebGLSupport/UnityEditor.WebGL.Extensions.dll
Register platform support module: C:/Program Files/Unity/Hub/Editor/2021.3.38f1/Editor/Data/PlaybackEngines/WindowsStandaloneSupport/UnityEditor.WindowsStandalone.Extensions.dll
Registered in 0.004823 seconds.
Native extension for WindowsStandalone target not found
Native extension for WebGL target not found
Refreshing native plugins compatible for Editor in 59.97 ms, found 4 plugins.
Preloading 0 native plugins for Editor in 0.00 ms.
Mono: successfully reloaded assembly
- Completed reload, in  0.546 seconds
Domain Reload Profiling:
	ReloadAssembly (546ms)
		BeginReloadAssembly (88ms)
			ExecutionOrderSort (0ms)
			DisableScriptedObjects (0ms)
			BackupInstance (0ms)
			ReleaseScriptingObjects (0ms)
			CreateAndSetChildDomain (1ms)
		EndReloadAssembly (381ms)
			LoadAssemblies (86ms)
			RebuildTransferFunctionScriptingTraits (0ms)
			SetupTypeCache (92ms)
			ReleaseScriptCaches (0ms)
			RebuildScriptCaches (25ms)
			SetupLoadedEditorAssemblies (226ms)
				LogAssemblyErrors (0ms)
				InitializePlatformSupportModulesInManaged (8ms)
				SetLoadedEditorAssemblies (0ms)
				RefreshPlugins (60ms)
				BeforeProcessingInitializeOnLoad (2ms)
				ProcessInitializeOnLoadAttributes (119ms)
				ProcessInitializeOnLoadMethodAttributes (37ms)
				AfterProcessingInitializeOnLoad (0ms)
				EditorAssembliesLoaded (0ms)
			ExecutionOrderSort2 (0ms)
			AwakeInstancesAfterBackupRestoration (0ms)
Platform modules already initialized, skipping
Registering precompiled user dll's ...
Registered in 0.008786 seconds.
Begin MonoManager ReloadAssembly
Native extension for WindowsStandalone target not found
Native extension for WebGL target not found
Refreshing native plugins compatible for Editor in 58.91 ms, found 4 plugins.
Preloading 0 native plugins for Editor in 0.00 ms.
Package Manager log level set to [2]
[Package Manager] Server::EnsureServerProcessIsRunning -- launch failed, reason: Unity was launched with the -noUpm command-line argument
[Package Manager] Cannot connect to Unity Package Manager local server
Mono: successfully reloaded assembly
- Completed reload, in  1.264 seconds
Domain Reload Profiling:
	ReloadAssembly (1265ms)
		BeginReloadAssembly (113ms)
			ExecutionOrderSort (0ms)
			DisableScriptedObjects (4ms)
			BackupInstance (0ms)
			ReleaseScriptingObjects (0ms)
			CreateAndSetChildDomain (18ms)
		EndReloadAssembly (1058ms)
			LoadAssemblies (101ms)
			RebuildTransferFunctionScriptingTraits (0ms)
			SetupTypeCache (185ms)
			ReleaseScriptCaches (1ms)
			RebuildScriptCaches (43ms)
			SetupLoadedEditorAssemblies (720ms)
				LogAssemblyErrors (0ms)
				InitializePlatformSupportModulesInManaged (5ms)
				SetLoadedEditorAssemblies (0ms)
				RefreshPlugins (59ms)
				BeforeProcessingInitializeOnLoad (65ms)
				ProcessInitializeOnLoadAttributes (557ms)
				ProcessInitializeOnLoadMethodAttributes (29ms)
				AfterProcessingInitializeOnLoad (5ms)
				EditorAssembliesLoaded (0ms)
			ExecutionOrderSort2 (0ms)
			AwakeInstancesAfterBackupRestoration (5ms)
Platform modules already initialized, skipping
========================================================================
Worker process is ready to serve import requests
Launched and connected shader compiler UnityShaderCompiler.exe after 0.04 seconds
Refreshing native plugins compatible for Editor in 1.39 ms, found 4 plugins.
Preloading 0 native plugins for Editor in 0.00 ms.
Unloading 3845 Unused Serialized files (Serialized files now loaded: 0)
Unloading 37 unused Assets / (46.4 KB). Loaded Objects now: 4301.
Memory consumption went from 145.3 MB to 145.3 MB.
Total: 3.231300 ms (FindLiveObjects: 0.254500 ms CreateObjectMapping: 0.132000 ms MarkObjects: 2.774400 ms  DeleteObjects: 0.069700 ms)

AssetImportParameters requested are different than current active one (requested -> active):
  custom:video-decoder-ogg-theora: a1e56fd34408186e4bbccfd4996cb3dc -> 
  custom:container-muxer-webm: aa71ff27fc2769a1b78a27578f13a17b -> 
  custom:container-demuxer-webm: 4f35f7cbe854078d1ac9338744f61a02 -> 
  custom:video-encoder-webm-vp8: eb34c28f22e8b96e1ab97ce403110664 -> 
  custom:video-codec-MediaFoundation-h265: 746d11721c4dcdbdad8f713fa42b33f4 -> 
  custom:CustomObjectIndexerAttribute: bc11b3a6c3213fcdd17b65e7da85e133 -> 
  custom:audio-encoder-webm-vorbis: bf7c407c2cedff20999df2af8eb42d56 -> 
  custom:framework-win-MediaFoundation: 216162199b28c13a410421893ffa2e32 -> 
  custom:SearchIndexIgnoredProperties: e643bd26f0fe6173181afceb89e7c659 -> 
  custom:container-demuxer-ogg: 62fdf1f143b41e24485cea50d1cbac27 -> 
  custom:video-decoder-webm-vp8: 9c59270c3fd7afecdb556c50c9e8de78 -> 
  custom:audio-decoder-ogg-vorbis: bf7c407c2cedff20999df2af8eb42d56 -> 
========================================================================
Received Import Request.
  Time since last request: 61623.639933 seconds.
  path: Assets/Images
  artifactKey: Guid(16f5e3dd340f8604d950724c444a36a3) Importer(815301076,1909f56bfc062723c751e8b465ee728b)
Number of updated assets reloaded before import = 0
Start importing Assets/Images using Guid(16f5e3dd340f8604d950724c444a36a3) Importer(815301076,1909f56bfc062723c751e8b465ee728b)  -> (artifact id: 'a432a4eb2869bed521fe4d880dafbf85') in 0.026002 seconds 
Number of asset objects unloaded after import = 0
========================================================================
Received Import Request.
  Time since last request: 14.868103 seconds.
  path: Assets/Images/2108.w026.n002.738B.p1.738.jpg
  artifactKey: Guid(4f98164f165dd5345b16db2d05b29ba1) Importer(815301076,1909f56bfc062723c751e8b465ee728b)
Number of updated assets reloaded before import = 0
Start importing Assets/Images/2108.w026.n002.738B.p1.738.jpg using Guid(4f98164f165dd5345b16db2d05b29ba1) Importer(815301076,1909f56bfc062723c751e8b465ee728b)  -> (artifact id: '28e87f7e9fef9beae951e2b4ebc0ac4c') in 0.249988 seconds 
Number of asset objects unloaded after import = 3
========================================================================
Received Import Request.
  Time since last request: 1183.558608 seconds.
  path: Assets/Images/FisherMan
  artifactKey: Guid(acb1d2d179bfa254cbaab73ba700052d) Importer(815301076,1909f56bfc062723c751e8b465ee728b)
Number of updated assets reloaded before import = 0
Start importing Assets/Images/FisherMan using Guid(acb1d2d179bfa254cbaab73ba700052d) Importer(815301076,1909f56bfc062723c751e8b465ee728b)  -> (artifact id: '395ac0f540744fe116bec5a9422ff5ce') in 0.032848 seconds 
Number of asset objects unloaded after import = 0
========================================================================
Received Import Request.
  Time since last request: 6.222633 seconds.
  path: Assets/Images/FisherMan/2112.q702.010.S.m005.c12.fishing.png
  artifactKey: Guid(82f9ea193ee73ef4e91e8f59ac120a58) Importer(815301076,1909f56bfc062723c751e8b465ee728b)
Number of updated assets reloaded before import = 0
Start importing Assets/Images/FisherMan/2112.q702.010.S.m005.c12.fishing.png using Guid(82f9ea193ee73ef4e91e8f59ac120a58) Importer(815301076,1909f56bfc062723c751e8b465ee728b)  -> (artifact id: '32dd2c630bd78a041e8397b6efcc3a94') in 0.202665 seconds 
Number of asset objects unloaded after import = 3
========================================================================
Received Import Request.
  Time since last request: 112.581299 seconds.
  path: Assets/Images/2112.q702.010.S.m005.c12.fishing.jpg
  artifactKey: Guid(1cccafc7c73652545bf4f1d3af250293) Importer(815301076,1909f56bfc062723c751e8b465ee728b)
Number of updated assets reloaded before import = 0
Start importing Assets/Images/2112.q702.010.S.m005.c12.fishing.jpg using Guid(1cccafc7c73652545bf4f1d3af250293) Importer(815301076,1909f56bfc062723c751e8b465ee728b)  -> (artifact id: 'a73e25b6217ae5e2e8ebe6497df6c970') in 0.108626 seconds 
Number of asset objects unloaded after import = 3
========================================================================
Received Import Request.
  Time since last request: 18.022979 seconds.
  path: Assets/Images/sz8v_ijf5_210802.png
  artifactKey: Guid(058f67a73bf903c4bab83f66a92f254f) Importer(815301076,1909f56bfc062723c751e8b465ee728b)
Number of updated assets reloaded before import = 0
Start importing Assets/Images/sz8v_ijf5_210802.png using Guid(058f67a73bf903c4bab83f66a92f254f) Importer(815301076,1909f56bfc062723c751e8b465ee728b)  -> (artifact id: '9e7ff773f733d4f15332c5eb164941cd') in 0.118717 seconds 
Number of asset objects unloaded after import = 3
========================================================================
Received Import Request.
  Time since last request: 45.352389 seconds.
  path: Assets/Images/sz8v_ijf5_210802.png
  artifactKey: Guid(058f67a73bf903c4bab83f66a92f254f) Importer(815301076,1909f56bfc062723c751e8b465ee728b)
Number of updated assets reloaded before import = 0
Start importing Assets/Images/sz8v_ijf5_210802.png using Guid(058f67a73bf903c4bab83f66a92f254f) Importer(815301076,1909f56bfc062723c751e8b465ee728b)  -> (artifact id: 'a82704e92de7526a68e70329ca9d51bc') in 0.107117 seconds 
Number of asset objects unloaded after import = 3
========================================================================
Received Import Request.
  Time since last request: 37.495331 seconds.
  path: Assets/Images/sz8v_ijf5_210802.png
  artifactKey: Guid(058f67a73bf903c4bab83f66a92f254f) Importer(815301076,1909f56bfc062723c751e8b465ee728b)
Number of updated assets reloaded before import = 0
Start importing Assets/Images/sz8v_ijf5_210802.png using Guid(058f67a73bf903c4bab83f66a92f254f) Importer(815301076,1909f56bfc062723c751e8b465ee728b)  -> (artifact id: '722840df0791927d8448aa42108c85cb') in 0.116582 seconds 
Number of asset objects unloaded after import = 3
========================================================================
Received Import Request.
  Time since last request: 314.332642 seconds.
  path: Assets/Images/FisherMan/2112.q702.010.S.m005.c12.fishing (1).png
  artifactKey: Guid(ea52e8dd4fba26d4aaf667e986b71422) Importer(815301076,1909f56bfc062723c751e8b465ee728b)
Number of updated assets reloaded before import = 0
Start importing Assets/Images/FisherMan/2112.q702.010.S.m005.c12.fishing (1).png using Guid(ea52e8dd4fba26d4aaf667e986b71422) Importer(815301076,1909f56bfc062723c751e8b465ee728b)  -> (artifact id: 'd70373820743797796687e43aa43b96b') in 0.125453 seconds 
Number of asset objects unloaded after import = 3
========================================================================
Received Import Request.
  Time since last request: 115.930992 seconds.
  path: Assets/Animations
  artifactKey: Guid(ebdf826095bee2949a47022008a745d4) Importer(815301076,1909f56bfc062723c751e8b465ee728b)
Number of updated assets reloaded before import = 0
Start importing Assets/Animations using Guid(ebdf826095bee2949a47022008a745d4) Importer(815301076,1909f56bfc062723c751e8b465ee728b)  -> (artifact id: 'abb12c789d412763c01597b07317aec0') in 0.015600 seconds 
Number of asset objects unloaded after import = 0
========================================================================
Received Import Request.
  Time since last request: 9.225259 seconds.
  path: Assets/Animations/RodAnim.anim
  artifactKey: Guid(377a01d872e91a9448b2526784ae8808) Importer(815301076,1909f56bfc062723c751e8b465ee728b)
Number of updated assets reloaded before import = 0
Start importing Assets/Animations/RodAnim.anim using Guid(377a01d872e91a9448b2526784ae8808) Importer(815301076,1909f56bfc062723c751e8b465ee728b)  -> (artifact id: '4736ba29df2e8213d7d93b8420832722') in 0.048917 seconds 
Number of asset objects unloaded after import = 1
========================================================================
Received Import Request.
  Time since last request: 182.152410 seconds.
  path: Assets/Images/2108.w026.n002.738B.p1.738.jpg
  artifactKey: Guid(4f98164f165dd5345b16db2d05b29ba1) Importer(2089858483,0ecaa5967403d082aa24f35e1b516d23)
Number of updated assets reloaded before import = 0
Start importing Assets/Images/2108.w026.n002.738B.p1.738.jpg using Guid(4f98164f165dd5345b16db2d05b29ba1) Importer(2089858483,0ecaa5967403d082aa24f35e1b516d23)  -> (artifact id: '057f58789a5cc4e1aa1582c1edbf0fab') in 0.342667 seconds 
Number of asset objects unloaded after import = 3
Editor requested this worker to shutdown with reason: Scaling down because of idle timeout
AssetImportWorker is now disconnected from the server
Process exiting
Exiting without the bug reporter. Application will terminate with return code 0